<?xml version="1.0" encoding="UTF-8"?>
<testsuite xmlns:xsi="http://www.w3.org/2001/XMLSchema-instance" xsi:noNamespaceSchemaLocation="https://maven.apache.org/surefire/maven-surefire-plugin/xsd/surefire-test-report.xsd" name="test.TestRunner" time="5.834" tests="8" errors="0" skipped="0" failures="0">
  <properties>
[...]
</properties>
  <testcase name="runTest[1][1]" classname="test.TestRunner" time="1.119"/>
  <testcase name="runTest[1][2]" classname="test.TestRunner" time="0.35"/>
  <testcase name="runTest[1][3]" classname="test.TestRunner" time="0.391"/>
  <testcase name="runTest[1][4]" classname="test.TestRunner" time="0.967"/>
  <testcase name="runTest[2][1]" classname="test.TestRunner" time="0.372"/>
  <testcase name="runTest[2][2]" classname="test.TestRunner" time="0.356"/>
  <testcase name="runTest[2][3]" classname="test.TestRunner" time="0.336"/>
  <testcase name="runTest[2][4]" classname="test.TestRunner" time="0.536"/>
</testsuite>